Using pre-set license
Built from '2020.3/staging' branch; Version is '2020.3.8f1 (507919d4fff5) revision 5273881'; Using compiler version '192528614'; Build Type 'Release'
OS: 'Windows 10 Home; OS build 19042.928; Version 2009; 64bit' Language: 'en' Physical Memory: 6965 MB
BatchMode: 1, IsHumanControllingUs: 0, StartBugReporterOnCrash: 0, Is64bit: 1, IsPro: 0

 COMMAND LINE ARGUMENTS:
C:\Program Files\Unity\Hub\Editor\2020.3.8f1\Editor\Unity.exe
-adb2
-batchMode
-noUpm
-name
AssetImportWorker0
-projectPath
C:/Users/kidan/Documents/GitHub/platfromFighter/platformFighter
-logFile
Logs/AssetImportWorker0.log
-srvPort
59038
Successfully changed project path to: C:/Users/kidan/Documents/GitHub/platfromFighter/platformFighter
C:/Users/kidan/Documents/GitHub/platfromFighter/platformFighter
Using Asset Import Pipeline V2.
Refreshing native plugins compatible for Editor in 54.54 ms, found 1 plugins.
Preloading 0 native plugins for Editor in 0.00 ms.
Initialize engine version: 2020.3.8f1 (507919d4fff5)
[Subsystems] Discovering subsystems at path C:/Program Files/Unity/Hub/Editor/2020.3.8f1/Editor/Data/Resources/UnitySubsystems
[Subsystems] Discovering subsystems at path C:/Users/kidan/Documents/GitHub/platfromFighter/platformFighter/Assets
GfxDevice: creating device client; threaded=0
Direct3D:
    Version:  Direct3D 11.0 [level 11.1]
    Renderer: AMD Radeon(TM) Vega 8 Graphics (ID=0x15dd)
    Vendor:   
    VRAM:     3482 MB
    Driver:   23.20.826.0
Initialize mono
Mono path[0] = 'C:/Program Files/Unity/Hub/Editor/2020.3.8f1/Editor/Data/Managed'
Mono path[1] = 'C:/Program Files/Unity/Hub/Editor/2020.3.8f1/Editor/Data/MonoBleedingEdge/lib/mono/unityjit'
Mono config path = 'C:/Program Files/Unity/Hub/Editor/2020.3.8f1/Editor/Data/MonoBleedingEdge/etc'
Using monoOptions --debugger-agent=transport=dt_socket,embedding=1,server=y,suspend=n,address=127.0.0.1:56440
Begin MonoManager ReloadAssembly
Registering precompiled unity dll's ...
Register platform support module: C:/Program Files/Unity/Hub/Editor/2020.3.8f1/Editor/Data/PlaybackEngines/MacStandaloneSupport/UnityEditor.OSXStandalone.Extensions.dll
Register platform support module: C:/Program Files/Unity/Hub/Editor/2020.3.8f1/Editor/Data/PlaybackEngines/WindowsStandaloneSupport/UnityEditor.WindowsStandalone.Extensions.dll
Register platform support module: C:/Program Files/Unity/Hub/Editor/2020.3.8f1/Editor/Data/PlaybackEngines/LinuxStandaloneSupport/UnityEditor.LinuxStandalone.Extensions.dll
Registered in 0.006811 seconds.
Native extension for LinuxStandalone target not found
Native extension for WindowsStandalone target not found
Native extension for OSXStandalone target not found
Refreshing native plugins compatible for Editor in 60.67 ms, found 1 plugins.
Preloading 0 native plugins for Editor in 0.00 ms.
Mono: successfully reloaded assembly
- Completed reload, in  3.643 seconds
Platform modules already initialized, skipping
Registering precompiled user dll's ...
Registered in 0.004564 seconds.
Begin MonoManager ReloadAssembly
Native extension for LinuxStandalone target not found
Native extension for WindowsStandalone target not found
Native extension for OSXStandalone target not found
Refreshing native plugins compatible for Editor in 55.40 ms, found 1 plugins.
Preloading 0 native plugins for Editor in 0.00 ms.
Mono: successfully reloaded assembly
- Completed reload, in  1.663 seconds
Platform modules already initialized, skipping
========================================================================
Worker process is ready to serve import requests
Launched and connected shader compiler UnityShaderCompiler.exe after 0.07 seconds
Refreshing native plugins compatible for Editor in 0.60 ms, found 1 plugins.
Preloading 0 native plugins for Editor in 0.00 ms.
Unloading 1808 Unused Serialized files (Serialized files now loaded: 0)
System memory in use before: 84.9 MB.
System memory in use after: 84.8 MB.

Unloading 24 unused Assets to reduce memory usage. Loaded Objects now: 2250.
Total: 3.204800 ms (FindLiveObjects: 0.355700 ms CreateObjectMapping: 0.090700 ms MarkObjects: 2.574700 ms  DeleteObjects: 0.181800 ms)

========================================================================
Received Import Request.
  path: Assets/Scenes
  artifactKey: Guid(63f409558d32294489e7998b684e64ea) Importer(815301076,1909f56bfc062723c751e8b465ee728b)
Start importing Assets/Scenes using Guid(63f409558d32294489e7998b684e64ea) Importer(815301076,1909f56bfc062723c751e8b465ee728b)  -> (artifact id: 'cdfda5250d8efb1d249516d838931289') in 0.014734 seconds
  Import took 0.019954 seconds .

========================================================================
Received Import Request.
  Time since last request: 3271.816839 seconds.
  path: Assets
  artifactKey: Guid(00000000000000001000000000000000) Importer(815301076,1909f56bfc062723c751e8b465ee728b)
Start importing Assets using Guid(00000000000000001000000000000000) Importer(815301076,1909f56bfc062723c751e8b465ee728b)  -> (artifact id: '42d402b061de3733987d63b9cc3b64de') in 0.016157 seconds
  Import took 0.034199 seconds .

========================================================================
Received Import Request.
  Time since last request: 255.255566 seconds.
  path: Assets/AddOns
  artifactKey: Guid(ab4fe76c7711aed4ea308bd994d9556a) Importer(815301076,1909f56bfc062723c751e8b465ee728b)
Start importing Assets/AddOns using Guid(ab4fe76c7711aed4ea308bd994d9556a) Importer(815301076,1909f56bfc062723c751e8b465ee728b)  -> (artifact id: '2329a97dfb6b9e072d7796a80b515929') in 0.017101 seconds
  Import took 0.023487 seconds .

========================================================================
Received Import Request.
  Time since last request: 8.358800 seconds.
  path: Assets/AddOns/Mg3D_Food
  artifactKey: Guid(35acb1d3662be1743b10b196752185cc) Importer(815301076,1909f56bfc062723c751e8b465ee728b)
Start importing Assets/AddOns/Mg3D_Food using Guid(35acb1d3662be1743b10b196752185cc) Importer(815301076,1909f56bfc062723c751e8b465ee728b)  -> (artifact id: '9e0ac986c8ad98bf9056b750af5167a7') in 0.014799 seconds
  Import took 0.019769 seconds .

========================================================================
Received Import Request.
  Time since last request: 0.054012 seconds.
  path: Assets/AddOns/Mg3D_Food/Banana.fbx
  artifactKey: Guid(461f0170c82b53340a9812199b63bbd4) Importer(815301076,1909f56bfc062723c751e8b465ee728b)
Start importing Assets/AddOns/Mg3D_Food/Banana.fbx using Guid(461f0170c82b53340a9812199b63bbd4) Importer(815301076,1909f56bfc062723c751e8b465ee728b)  -> (artifact id: '38ebb3ddb21869c2a34ab9658277cd39') in 0.849842 seconds
  Import took 0.854302 seconds .

========================================================================
Received Import Request.
  Time since last request: 0.000314 seconds.
  path: Assets/AddOns/Mg3D_Food/Watermelon.fbx
  artifactKey: Guid(7977e423937da9b48aac1866c67bb5be) Importer(815301076,1909f56bfc062723c751e8b465ee728b)
Start importing Assets/AddOns/Mg3D_Food/Watermelon.fbx using Guid(7977e423937da9b48aac1866c67bb5be) Importer(815301076,1909f56bfc062723c751e8b465ee728b)  -> (artifact id: '500b39a66ed3c52d18b64327a6d6eb03') in 0.081139 seconds
  Import took 0.085895 seconds .

========================================================================
Received Import Request.
  Time since last request: 0.000243 seconds.
  path: Assets/AddOns/Mg3D_Food/Hamburger.fbx
  artifactKey: Guid(54b107e50acd7e24b96d7de887c68833) Importer(815301076,1909f56bfc062723c751e8b465ee728b)
Start importing Assets/AddOns/Mg3D_Food/Hamburger.fbx using Guid(54b107e50acd7e24b96d7de887c68833) Importer(815301076,1909f56bfc062723c751e8b465ee728b)  -> (artifact id: 'f7066b4b29484566884d843b60f868bf') in 0.073994 seconds
  Import took 0.078187 seconds .

========================================================================
Received Import Request.
  Time since last request: 0.000225 seconds.
  path: Assets/AddOns/Mg3D_Food/Cherry.fbx
  artifactKey: Guid(da4eeef492c0d1842963d6576330682d) Importer(815301076,1909f56bfc062723c751e8b465ee728b)
Start importing Assets/AddOns/Mg3D_Food/Cherry.fbx using Guid(da4eeef492c0d1842963d6576330682d) Importer(815301076,1909f56bfc062723c751e8b465ee728b)  -> (artifact id: '0cc43b71852311792ecb8853345fcf9e') in 0.044951 seconds
  Import took 0.048964 seconds .

========================================================================
Received Import Request.
  Time since last request: 0.000242 seconds.
  path: Assets/AddOns/Mg3D_Food/Cheese.fbx
  artifactKey: Guid(47365cc78e5cfad41badc534e3d2b7e1) Importer(815301076,1909f56bfc062723c751e8b465ee728b)
Start importing Assets/AddOns/Mg3D_Food/Cheese.fbx using Guid(47365cc78e5cfad41badc534e3d2b7e1) Importer(815301076,1909f56bfc062723c751e8b465ee728b)  -> (artifact id: '6bf29c5777c1d6c8ae8e4f14fbb6e900') in 0.052468 seconds
  Import took 0.056796 seconds .

========================================================================
Received Import Request.
  Time since last request: 0.000610 seconds.
  path: Assets/AddOns/Mg3D_Food/Olive.fbx
  artifactKey: Guid(bd232805ec57aa245a81c2df3f69f66a) Importer(815301076,1909f56bfc062723c751e8b465ee728b)
Start importing Assets/AddOns/Mg3D_Food/Olive.fbx using Guid(bd232805ec57aa245a81c2df3f69f66a) Importer(815301076,1909f56bfc062723c751e8b465ee728b)  -> (artifact id: 'f5dcc90b965045374b31560b56919a30') in 0.049881 seconds
  Import took 0.054188 seconds .

========================================================================
Received Import Request.
  Time since last request: 0.000265 seconds.
  path: Assets/AddOns/Mg3D_Food/Hotdog.fbx
  artifactKey: Guid(fdc7d8dffa381b54cb7740b8761d54c0) Importer(815301076,1909f56bfc062723c751e8b465ee728b)
Start importing Assets/AddOns/Mg3D_Food/Hotdog.fbx using Guid(fdc7d8dffa381b54cb7740b8761d54c0) Importer(815301076,1909f56bfc062723c751e8b465ee728b)  -> (artifact id: 'e9069458aadce0960ceaddf65c76e986') in 0.055475 seconds
  Import took 0.059130 seconds .

========================================================================
Received Import Request.
  Time since last request: 140.986744 seconds.
  path: Assets/programerArt
  artifactKey: Guid(ac70c879592e10a4a961c903496b6961) Importer(815301076,1909f56bfc062723c751e8b465ee728b)
Start importing Assets/programerArt using Guid(ac70c879592e10a4a961c903496b6961) Importer(815301076,1909f56bfc062723c751e8b465ee728b)  -> (artifact id: '1bc7def1d498b0b9d456ca93413331db') in 0.012040 seconds
  Import took 0.016725 seconds .

========================================================================
Received Import Request.
  Time since last request: 93.553756 seconds.
  path: Assets/programerArt/Pixel Adventure 1
  artifactKey: Guid(e3873a0af6ab86348bd50b8cb59205c2) Importer(815301076,1909f56bfc062723c751e8b465ee728b)
Start importing Assets/programerArt/Pixel Adventure 1 using Guid(e3873a0af6ab86348bd50b8cb59205c2) Importer(815301076,1909f56bfc062723c751e8b465ee728b)  -> (artifact id: '2df5d39362fff1e1b663a5273e62c072') in 0.016492 seconds
  Import took 0.023092 seconds .

========================================================================
Received Import Request.
  Time since last request: 0.002655 seconds.
  path: Assets/programerArt/Pixel Adventure 1
  artifactKey: Guid(e3873a0af6ab86348bd50b8cb59205c2) Importer(815301076,1909f56bfc062723c751e8b465ee728b)
Start importing Assets/programerArt/Pixel Adventure 1 using Guid(e3873a0af6ab86348bd50b8cb59205c2) Importer(815301076,1909f56bfc062723c751e8b465ee728b)  -> (artifact id: '2df5d39362fff1e1b663a5273e62c072') in 0.005170 seconds
  Import took 0.011328 seconds .

========================================================================
Received Import Request.
  Time since last request: 1.234307 seconds.
  path: Assets/programerArt/Pixel Adventure 1/Assets
  artifactKey: Guid(e7fabf8f9d1b6f6499883b9c8ad15b65) Importer(815301076,1909f56bfc062723c751e8b465ee728b)
Start importing Assets/programerArt/Pixel Adventure 1/Assets using Guid(e7fabf8f9d1b6f6499883b9c8ad15b65) Importer(815301076,1909f56bfc062723c751e8b465ee728b)  -> (artifact id: '1e7538a39be8e0bfd3108565dfc139fc') in 0.005791 seconds
  Import took 0.010651 seconds .

========================================================================
Received Import Request.
  Time since last request: 1.213156 seconds.
  path: Assets/programerArt/Pixel Adventure 1/Assets/Terrain
  artifactKey: Guid(981bfd6ae2b036145b5cc80be601e4b5) Importer(815301076,1909f56bfc062723c751e8b465ee728b)
Start importing Assets/programerArt/Pixel Adventure 1/Assets/Terrain using Guid(981bfd6ae2b036145b5cc80be601e4b5) Importer(815301076,1909f56bfc062723c751e8b465ee728b)  -> (artifact id: '0243f91a4aa1d21bf3c20a97eded2861') in 0.014400 seconds
  Import took 0.020228 seconds .

========================================================================
Received Import Request.
  Time since last request: 0.055302 seconds.
  path: Assets/programerArt/Pixel Adventure 1/Assets/Terrain/Terrain (16x16) 1.png
  artifactKey: Guid(413986c4a668c374d8de72a47621b531) Importer(815301076,1909f56bfc062723c751e8b465ee728b)
Start importing Assets/programerArt/Pixel Adventure 1/Assets/Terrain/Terrain (16x16) 1.png using Guid(413986c4a668c374d8de72a47621b531) Importer(815301076,1909f56bfc062723c751e8b465ee728b)  -> (artifact id: '2a7c67db3e58c5765c180226d5e26eab') in 0.084092 seconds
  Import took 0.090491 seconds .

========================================================================
Received Import Request.
  Time since last request: 0.000254 seconds.
  path: Assets/programerArt/Pixel Adventure 1/Assets/Terrain/Terrain Sliced (16x16).png
  artifactKey: Guid(fc584d329b77b9545b9c9c8bb829e553) Importer(815301076,1909f56bfc062723c751e8b465ee728b)
Start importing Assets/programerArt/Pixel Adventure 1/Assets/Terrain/Terrain Sliced (16x16).png using Guid(fc584d329b77b9545b9c9c8bb829e553) Importer(815301076,1909f56bfc062723c751e8b465ee728b)  -> (artifact id: '30dd19c15d536fbd67ef2f0b1e44d80e') in 0.347321 seconds
  Import took 0.355438 seconds .

========================================================================
Received Import Request.
  Time since last request: 101.511984 seconds.
  path: Assets/programerArt/Pixel Adventure 1/Assets/Terrain/Terrain (16x16) 1.png
  artifactKey: Guid(413986c4a668c374d8de72a47621b531) Importer(815301076,1909f56bfc062723c751e8b465ee728b)
Start importing Assets/programerArt/Pixel Adventure 1/Assets/Terrain/Terrain (16x16) 1.png using Guid(413986c4a668c374d8de72a47621b531) Importer(815301076,1909f56bfc062723c751e8b465ee728b)  -> (artifact id: '1e91c6afdf1ff48ef8b33f5f4316084e') in 0.021791 seconds
  Import took 0.027297 seconds .

========================================================================
Received Import Request.
  Time since last request: 0.038484 seconds.
  path: Assets/programerArt/Pixel Adventure 1/Assets/Terrain/Terrain (16x16) 1.png
  artifactKey: Guid(413986c4a668c374d8de72a47621b531) Importer(815301076,1909f56bfc062723c751e8b465ee728b)
Start importing Assets/programerArt/Pixel Adventure 1/Assets/Terrain/Terrain (16x16) 1.png using Guid(413986c4a668c374d8de72a47621b531) Importer(815301076,1909f56bfc062723c751e8b465ee728b)  -> (artifact id: '1e91c6afdf1ff48ef8b33f5f4316084e') in 0.019221 seconds
  Import took 0.026280 seconds .

========================================================================
Received Import Request.
  Time since last request: 34.774106 seconds.
  path: Assets/programerArt/Pixel Adventure 1/Assets/Terrain/Terrain (16x16) 1.png
  artifactKey: Guid(413986c4a668c374d8de72a47621b531) Importer(815301076,1909f56bfc062723c751e8b465ee728b)
Start importing Assets/programerArt/Pixel Adventure 1/Assets/Terrain/Terrain (16x16) 1.png using Guid(413986c4a668c374d8de72a47621b531) Importer(815301076,1909f56bfc062723c751e8b465ee728b)  -> (artifact id: '4379fd2d52587b637a21d1d12130caa8') in 0.567818 seconds
  Import took 0.573710 seconds .

========================================================================
Received Import Request.
  Time since last request: 292.408135 seconds.
  path: Assets/programerArt/Pixel Adventure 1/Assets/Background
  artifactKey: Guid(e2c5ef056991e3c4b902833ce4b5c2f9) Importer(815301076,1909f56bfc062723c751e8b465ee728b)
Start importing Assets/programerArt/Pixel Adventure 1/Assets/Background using Guid(e2c5ef056991e3c4b902833ce4b5c2f9) Importer(815301076,1909f56bfc062723c751e8b465ee728b)  -> (artifact id: 'c7178d06e7f6d7190aa0aa8240c4c252') in 0.018073 seconds
  Import took 0.022462 seconds .

========================================================================
Received Import Request.
  Time since last request: 0.039618 seconds.
  path: Assets/programerArt/Pixel Adventure 1/Assets/Background/Blue.png
  artifactKey: Guid(8049ea91a9d5fca4dab4024c0915dbe6) Importer(815301076,1909f56bfc062723c751e8b465ee728b)
Start importing Assets/programerArt/Pixel Adventure 1/Assets/Background/Blue.png using Guid(8049ea91a9d5fca4dab4024c0915dbe6) Importer(815301076,1909f56bfc062723c751e8b465ee728b)  -> (artifact id: 'aea08b88c638a9c7230c45748dd7cbf1') in 0.026756 seconds
  Import took 0.031241 seconds .

========================================================================
Received Import Request.
  Time since last request: 0.000312 seconds.
  path: Assets/programerArt/Pixel Adventure 1/Assets/Background/Gray.png
  artifactKey: Guid(ffc80c129c9aca14c9fb4dbeba0e10d2) Importer(815301076,1909f56bfc062723c751e8b465ee728b)
Start importing Assets/programerArt/Pixel Adventure 1/Assets/Background/Gray.png using Guid(ffc80c129c9aca14c9fb4dbeba0e10d2) Importer(815301076,1909f56bfc062723c751e8b465ee728b)  -> (artifact id: '52cf26bcd3c83c2078460fa1a9aa3917') in 0.027310 seconds
  Import took 0.032950 seconds .

========================================================================
Received Import Request.
  Time since last request: 0.000266 seconds.
  path: Assets/programerArt/Pixel Adventure 1/Assets/Background/Green.png
  artifactKey: Guid(2538710101d0f1f4e8976b3495cd1f75) Importer(815301076,1909f56bfc062723c751e8b465ee728b)
Start importing Assets/programerArt/Pixel Adventure 1/Assets/Background/Green.png using Guid(2538710101d0f1f4e8976b3495cd1f75) Importer(815301076,1909f56bfc062723c751e8b465ee728b)  -> (artifact id: '53eddc33b117aa5f607957103db61712') in 0.024277 seconds
  Import took 0.029492 seconds .

========================================================================
Received Import Request.
  Time since last request: 0.000382 seconds.
  path: Assets/programerArt/Pixel Adventure 1/Assets/Background/Yellow.png
  artifactKey: Guid(4d8c75a4d7dd2a0489270e1058d82128) Importer(815301076,1909f56bfc062723c751e8b465ee728b)
Start importing Assets/programerArt/Pixel Adventure 1/Assets/Background/Yellow.png using Guid(4d8c75a4d7dd2a0489270e1058d82128) Importer(815301076,1909f56bfc062723c751e8b465ee728b)  -> (artifact id: '29066356c0e6a01bbcd9eea165bbdea6') in 0.020839 seconds
  Import took 0.026191 seconds .

========================================================================
Received Import Request.
  Time since last request: 0.000278 seconds.
  path: Assets/programerArt/Pixel Adventure 1/Assets/Background/Pink.png
  artifactKey: Guid(348c3b734b11d3b4aa5c69e25b7113e6) Importer(815301076,1909f56bfc062723c751e8b465ee728b)
Start importing Assets/programerArt/Pixel Adventure 1/Assets/Background/Pink.png using Guid(348c3b734b11d3b4aa5c69e25b7113e6) Importer(815301076,1909f56bfc062723c751e8b465ee728b)  -> (artifact id: '4113aa79391385ff2c39c0e3627d2388') in 0.026028 seconds
  Import took 0.032613 seconds .

========================================================================
Received Import Request.
  Time since last request: 0.000417 seconds.
  path: Assets/programerArt/Pixel Adventure 1/Assets/Background/Brown.png
  artifactKey: Guid(ca6a66f8e2ae9c24c8c6b39c49206a0d) Importer(815301076,1909f56bfc062723c751e8b465ee728b)
Start importing Assets/programerArt/Pixel Adventure 1/Assets/Background/Brown.png using Guid(ca6a66f8e2ae9c24c8c6b39c49206a0d) Importer(815301076,1909f56bfc062723c751e8b465ee728b)  -> (artifact id: '010a6527998e0d63f516263fce78a88c') in 0.025725 seconds
  Import took 0.031507 seconds .

========================================================================
Received Import Request.
  Time since last request: 0.000763 seconds.
  path: Assets/programerArt/Pixel Adventure 1/Assets/Background/Purple.png
  artifactKey: Guid(248611cc7bb8d85448933cee393ce41e) Importer(815301076,1909f56bfc062723c751e8b465ee728b)
Start importing Assets/programerArt/Pixel Adventure 1/Assets/Background/Purple.png using Guid(248611cc7bb8d85448933cee393ce41e) Importer(815301076,1909f56bfc062723c751e8b465ee728b)  -> (artifact id: '15f92e8e7f1e806ca110e103f4808637') in 0.027256 seconds
  Import took 0.033173 seconds .

========================================================================
Received Import Request.
  Time since last request: 50.232317 seconds.
  path: Assets/programerArt/Pixel Adventure 1/Assets/Background/Blue.png
  artifactKey: Guid(8049ea91a9d5fca4dab4024c0915dbe6) Importer(815301076,1909f56bfc062723c751e8b465ee728b)
Start importing Assets/programerArt/Pixel Adventure 1/Assets/Background/Blue.png using Guid(8049ea91a9d5fca4dab4024c0915dbe6) Importer(815301076,1909f56bfc062723c751e8b465ee728b)  -> (artifact id: '9cf589259bd14a74b96f82c03a4dbe93') in 0.014517 seconds
  Import took 0.020117 seconds .

========================================================================
Received Import Request.
  Time since last request: 178.419961 seconds.
  path: ProjectSettings/TagManager.asset
  artifactKey: Guid(00000000000000003000000000000000) Importer(815301076,1909f56bfc062723c751e8b465ee728b)
Start importing ProjectSettings/TagManager.asset using Guid(00000000000000003000000000000000) Importer(815301076,1909f56bfc062723c751e8b465ee728b)  -> (artifact id: '95df672b4aaba54310d34c83eef51bb8') in 0.029211 seconds
  Import took 0.033712 seconds .

========================================================================
Received Import Request.
  Time since last request: 66.831608 seconds.
  path: Assets/programerArt/Pixel Adventure 1/Assets/Main Characters
  artifactKey: Guid(c674b6697fb2a834d9379dc2411ddde1) Importer(815301076,1909f56bfc062723c751e8b465ee728b)
Start importing Assets/programerArt/Pixel Adventure 1/Assets/Main Characters using Guid(c674b6697fb2a834d9379dc2411ddde1) Importer(815301076,1909f56bfc062723c751e8b465ee728b)  -> (artifact id: '39cd5f1943d1399b359470b1d0eb9e2c') in 0.015918 seconds
  Import took 0.020179 seconds .

========================================================================
Received Import Request.
  Time since last request: 0.061744 seconds.
  path: Assets/programerArt/Pixel Adventure 1/Assets/Main Characters/Appearing (96x96).png
  artifactKey: Guid(3421078018dc3934a8c1ab3b7bf89aa0) Importer(815301076,1909f56bfc062723c751e8b465ee728b)
Start importing Assets/programerArt/Pixel Adventure 1/Assets/Main Characters/Appearing (96x96).png using Guid(3421078018dc3934a8c1ab3b7bf89aa0) Importer(815301076,1909f56bfc062723c751e8b465ee728b)  -> (artifact id: '1e6b4c2097f25b6dab87a6e93a4a5f47') in 0.060468 seconds
  Import took 0.065460 seconds .

========================================================================
Received Import Request.
  Time since last request: 0.000325 seconds.
  path: Assets/programerArt/Pixel Adventure 1/Assets/Main Characters/Desappearing (96x96).png
  artifactKey: Guid(99e1beacf34e67c42afd2d344aefcc3c) Importer(815301076,1909f56bfc062723c751e8b465ee728b)
Start importing Assets/programerArt/Pixel Adventure 1/Assets/Main Characters/Desappearing (96x96).png using Guid(99e1beacf34e67c42afd2d344aefcc3c) Importer(815301076,1909f56bfc062723c751e8b465ee728b)  -> (artifact id: 'd001e854184db12192757335c70001db') in 0.056464 seconds
  Import took 0.062073 seconds .

========================================================================
Received Import Request.
  Time since last request: 2.315088 seconds.
  path: Assets/programerArt/Pixel Adventure 1/Assets/Main Characters/Pink Man
  artifactKey: Guid(42afdc0a1bbe6314b8aa6b3431e802ee) Importer(815301076,1909f56bfc062723c751e8b465ee728b)
Start importing Assets/programerArt/Pixel Adventure 1/Assets/Main Characters/Pink Man using Guid(42afdc0a1bbe6314b8aa6b3431e802ee) Importer(815301076,1909f56bfc062723c751e8b465ee728b)  -> (artifact id: '0293dc2227cded2ef80658f0724f5672') in 0.014784 seconds
  Import took 0.019456 seconds .

========================================================================
Received Import Request.
  Time since last request: 0.209417 seconds.
  path: Assets/programerArt/Pixel Adventure 1/Assets/Main Characters/Pink Man/Double Jump (32x32).png
  artifactKey: Guid(5fd9f3ec1e3e0bc4d8e308e10012a36a) Importer(815301076,1909f56bfc062723c751e8b465ee728b)
Start importing Assets/programerArt/Pixel Adventure 1/Assets/Main Characters/Pink Man/Double Jump (32x32).png using Guid(5fd9f3ec1e3e0bc4d8e308e10012a36a) Importer(815301076,1909f56bfc062723c751e8b465ee728b)  -> (artifact id: 'd4ee98beee4cf17e591a4a973ebcb5e7') in 0.034610 seconds
  Import took 0.039994 seconds .

========================================================================
Received Import Request.
  Time since last request: 0.000715 seconds.
  path: Assets/programerArt/Pixel Adventure 1/Assets/Main Characters/Pink Man/Wall Jump (32x32).png
  artifactKey: Guid(603abb83490921841976d0f1b2045f23) Importer(815301076,1909f56bfc062723c751e8b465ee728b)
Start importing Assets/programerArt/Pixel Adventure 1/Assets/Main Characters/Pink Man/Wall Jump (32x32).png using Guid(603abb83490921841976d0f1b2045f23) Importer(815301076,1909f56bfc062723c751e8b465ee728b)  -> (artifact id: '39d4f2a5b5394baf32e8292de0228291') in 0.031384 seconds
  Import took 0.035916 seconds .

========================================================================
Received Import Request.
  Time since last request: 0.001095 seconds.
  path: Assets/programerArt/Pixel Adventure 1/Assets/Main Characters/Pink Man/Hit (32x32).png
  artifactKey: Guid(9b0499fd3a0892046926ed19c78cfea3) Importer(815301076,1909f56bfc062723c751e8b465ee728b)
Start importing Assets/programerArt/Pixel Adventure 1/Assets/Main Characters/Pink Man/Hit (32x32).png using Guid(9b0499fd3a0892046926ed19c78cfea3) Importer(815301076,1909f56bfc062723c751e8b465ee728b)  -> (artifact id: '41a0ba5a3c5c9037267e98a49cbda7b2') in 0.046278 seconds
  Import took 0.052120 seconds .

========================================================================
Received Import Request.
  Time since last request: 0.000335 seconds.
  path: Assets/programerArt/Pixel Adventure 1/Assets/Main Characters/Pink Man/Run (32x32).png
  artifactKey: Guid(cdb0cc8ca9aac2a4d84c6aa3c1cbf52b) Importer(815301076,1909f56bfc062723c751e8b465ee728b)
Start importing Assets/programerArt/Pixel Adventure 1/Assets/Main Characters/Pink Man/Run (32x32).png using Guid(cdb0cc8ca9aac2a4d84c6aa3c1cbf52b) Importer(815301076,1909f56bfc062723c751e8b465ee728b)  -> (artifact id: 'bcc98c3cbbaed0be175e3546b59dee6e') in 0.060376 seconds
  Import took 0.064453 seconds .

========================================================================
Received Import Request.
  Time since last request: 0.000262 seconds.
  path: Assets/programerArt/Pixel Adventure 1/Assets/Main Characters/Pink Man/Jump (32x32).png
  artifactKey: Guid(edbf2f282f3feb940b6238d4d339ada4) Importer(815301076,1909f56bfc062723c751e8b465ee728b)
Start importing Assets/programerArt/Pixel Adventure 1/Assets/Main Characters/Pink Man/Jump (32x32).png using Guid(edbf2f282f3feb940b6238d4d339ada4) Importer(815301076,1909f56bfc062723c751e8b465ee728b)  -> (artifact id: '197ddd299b1bdfbbfc2d77e97236cd7b') in 0.022010 seconds
  Import took 0.026916 seconds .

========================================================================
Received Import Request.
  Time since last request: 0.000278 seconds.
  path: Assets/programerArt/Pixel Adventure 1/Assets/Main Characters/Pink Man/Fall (32x32).png
  artifactKey: Guid(1a6feec238b9a99499082bb755fa32df) Importer(815301076,1909f56bfc062723c751e8b465ee728b)
Start importing Assets/programerArt/Pixel Adventure 1/Assets/Main Characters/Pink Man/Fall (32x32).png using Guid(1a6feec238b9a99499082bb755fa32df) Importer(815301076,1909f56bfc062723c751e8b465ee728b)  -> (artifact id: 'bebadfe0fd65ef7d1079072814037866') in 0.029091 seconds
  Import took 0.034872 seconds .

========================================================================
Received Import Request.
  Time since last request: 0.000295 seconds.
  path: Assets/programerArt/Pixel Adventure 1/Assets/Main Characters/Pink Man/Idle (32x32).png
  artifactKey: Guid(d348dff3819df794186a80cb95777629) Importer(815301076,1909f56bfc062723c751e8b465ee728b)
Start importing Assets/programerArt/Pixel Adventure 1/Assets/Main Characters/Pink Man/Idle (32x32).png using Guid(d348dff3819df794186a80cb95777629) Importer(815301076,1909f56bfc062723c751e8b465ee728b)  -> (artifact id: '49e54a84b00950e2213bd3d9241c61bf') in 0.059385 seconds
  Import took 0.064205 seconds .

========================================================================
Received Import Request.
  Time since last request: 240.220412 seconds.
  path: Assets/programerArt/Pixel Adventure 1/Assets/Main Characters/Pink Man/Idle (32x32).png
  artifactKey: Guid(d348dff3819df794186a80cb95777629) Importer(815301076,1909f56bfc062723c751e8b465ee728b)
Start importing Assets/programerArt/Pixel Adventure 1/Assets/Main Characters/Pink Man/Idle (32x32).png using Guid(d348dff3819df794186a80cb95777629) Importer(815301076,1909f56bfc062723c751e8b465ee728b)  -> (artifact id: '9755e55c861d119a173bbf3f67f372ff') in 0.061065 seconds
  Import took 0.067129 seconds .

========================================================================
Received Prepare
Registering precompiled user dll's ...
Registered in 0.002785 seconds.
Begin MonoManager ReloadAssembly
Native extension for LinuxStandalone target not found
Native extension for WindowsStandalone target not found
Native extension for OSXStandalone target not found
Refreshing native plugins compatible for Editor in 0.51 ms, found 1 plugins.
Preloading 0 native plugins for Editor in 0.00 ms.
Mono: successfully reloaded assembly
- Completed reload, in  1.544 seconds
Platform modules already initialized, skipping
Refreshing native plugins compatible for Editor in 1.02 ms, found 1 plugins.
Preloading 0 native plugins for Editor in 0.00 ms.
Unloading 1803 Unused Serialized files (Serialized files now loaded: 0)
System memory in use before: 88.4 MB.
System memory in use after: 88.4 MB.

Unloading 13 unused Assets to reduce memory usage. Loaded Objects now: 2313.
Total: 2.895600 ms (FindLiveObjects: 0.388600 ms CreateObjectMapping: 0.104500 ms MarkObjects: 2.256300 ms  DeleteObjects: 0.144400 ms)

========================================================================
Received Prepare
Registering precompiled user dll's ...
Registered in 0.001774 seconds.
Begin MonoManager ReloadAssembly
Native extension for LinuxStandalone target not found
Native extension for WindowsStandalone target not found
Native extension for OSXStandalone target not found
Refreshing native plugins compatible for Editor in 0.58 ms, found 1 plugins.
Preloading 0 native plugins for Editor in 0.00 ms.
Mono: successfully reloaded assembly
- Completed reload, in  1.613 seconds
Platform modules already initialized, skipping
Refreshing native plugins compatible for Editor in 0.70 ms, found 1 plugins.
Preloading 0 native plugins for Editor in 0.00 ms.
Unloading 1803 Unused Serialized files (Serialized files now loaded: 0)
System memory in use before: 88.4 MB.
System memory in use after: 88.4 MB.

Unloading 12 unused Assets to reduce memory usage. Loaded Objects now: 2317.
Total: 4.011200 ms (FindLiveObjects: 0.280000 ms CreateObjectMapping: 0.084400 ms MarkObjects: 3.471300 ms  DeleteObjects: 0.173100 ms)

========================================================================
Received Prepare
Registering precompiled user dll's ...
Registered in 0.002060 seconds.
Begin MonoManager ReloadAssembly
Native extension for LinuxStandalone target not found
Native extension for WindowsStandalone target not found
Native extension for OSXStandalone target not found
Refreshing native plugins compatible for Editor in 0.60 ms, found 1 plugins.
Preloading 0 native plugins for Editor in 0.00 ms.
Mono: successfully reloaded assembly
- Completed reload, in  1.464 seconds
Platform modules already initialized, skipping
Refreshing native plugins compatible for Editor in 0.50 ms, found 1 plugins.
Preloading 0 native plugins for Editor in 0.00 ms.
Unloading 1803 Unused Serialized files (Serialized files now loaded: 0)
System memory in use before: 88.5 MB.
System memory in use after: 88.5 MB.

Unloading 12 unused Assets to reduce memory usage. Loaded Objects now: 2321.
Total: 3.646000 ms (FindLiveObjects: 0.285200 ms CreateObjectMapping: 0.080500 ms MarkObjects: 3.088500 ms  DeleteObjects: 0.189300 ms)

========================================================================
Received Prepare
Registering precompiled user dll's ...
Registered in 0.001612 seconds.
Begin MonoManager ReloadAssembly
Native extension for LinuxStandalone target not found
Native extension for WindowsStandalone target not found
Native extension for OSXStandalone target not found
Refreshing native plugins compatible for Editor in 0.58 ms, found 1 plugins.
Preloading 0 native plugins for Editor in 0.00 ms.
Mono: successfully reloaded assembly
- Completed reload, in  1.393 seconds
Platform modules already initialized, skipping
Refreshing native plugins compatible for Editor in 0.69 ms, found 1 plugins.
Preloading 0 native plugins for Editor in 0.00 ms.
Unloading 1803 Unused Serialized files (Serialized files now loaded: 0)
System memory in use before: 88.5 MB.
System memory in use after: 88.5 MB.

Unloading 12 unused Assets to reduce memory usage. Loaded Objects now: 2325.
Total: 3.098200 ms (FindLiveObjects: 0.252700 ms CreateObjectMapping: 0.054600 ms MarkObjects: 2.611100 ms  DeleteObjects: 0.178200 ms)

========================================================================
Received Prepare
Registering precompiled user dll's ...
Registered in 0.001794 seconds.
Begin MonoManager ReloadAssembly
Native extension for LinuxStandalone target not found
Native extension for WindowsStandalone target not found
Native extension for OSXStandalone target not found
Refreshing native plugins compatible for Editor in 0.51 ms, found 1 plugins.
Preloading 0 native plugins for Editor in 0.00 ms.
Mono: successfully reloaded assembly
- Completed reload, in  1.380 seconds
Platform modules already initialized, skipping
Refreshing native plugins compatible for Editor in 0.46 ms, found 1 plugins.
Preloading 0 native plugins for Editor in 0.00 ms.
Unloading 1803 Unused Serialized files (Serialized files now loaded: 0)
System memory in use before: 88.5 MB.
System memory in use after: 88.5 MB.

Unloading 12 unused Assets to reduce memory usage. Loaded Objects now: 2329.
Total: 4.244000 ms (FindLiveObjects: 0.439600 ms CreateObjectMapping: 0.112300 ms MarkObjects: 3.487000 ms  DeleteObjects: 0.202000 ms)

========================================================================
Received Prepare
Registering precompiled user dll's ...
Registered in 0.003092 seconds.
Begin MonoManager ReloadAssembly
Native extension for LinuxStandalone target not found
Native extension for WindowsStandalone target not found
Native extension for OSXStandalone target not found
Refreshing native plugins compatible for Editor in 0.57 ms, found 1 plugins.
Preloading 0 native plugins for Editor in 0.00 ms.
Mono: successfully reloaded assembly
- Completed reload, in  1.424 seconds
Platform modules already initialized, skipping
Refreshing native plugins compatible for Editor in 0.48 ms, found 1 plugins.
Preloading 0 native plugins for Editor in 0.00 ms.
Unloading 1803 Unused Serialized files (Serialized files now loaded: 0)
System memory in use before: 88.5 MB.
System memory in use after: 88.5 MB.

Unloading 12 unused Assets to reduce memory usage. Loaded Objects now: 2333.
Total: 3.091500 ms (FindLiveObjects: 0.244100 ms CreateObjectMapping: 0.063500 ms MarkObjects: 2.590300 ms  DeleteObjects: 0.191100 ms)

========================================================================
Received Import Request.
  Time since last request: 628.113722 seconds.
  path: Assets/programerArt/Pixel Adventure 1/Assets/Main Characters/Pink Man/Double Jump (32x32).png
  artifactKey: Guid(5fd9f3ec1e3e0bc4d8e308e10012a36a) Importer(815301076,1909f56bfc062723c751e8b465ee728b)
Start importing Assets/programerArt/Pixel Adventure 1/Assets/Main Characters/Pink Man/Double Jump (32x32).png using Guid(5fd9f3ec1e3e0bc4d8e308e10012a36a) Importer(815301076,1909f56bfc062723c751e8b465ee728b)  -> (artifact id: 'c066fd90592e72262f3e8d1b2de4f3f8') in 0.120940 seconds
  Import took 0.129423 seconds .

========================================================================
Received Import Request.
  Time since last request: 0.000364 seconds.
  path: Assets/programerArt/Pixel Adventure 1/Assets/Main Characters/Pink Man/Wall Jump (32x32).png
  artifactKey: Guid(603abb83490921841976d0f1b2045f23) Importer(815301076,1909f56bfc062723c751e8b465ee728b)
Start importing Assets/programerArt/Pixel Adventure 1/Assets/Main Characters/Pink Man/Wall Jump (32x32).png using Guid(603abb83490921841976d0f1b2045f23) Importer(815301076,1909f56bfc062723c751e8b465ee728b)  -> (artifact id: 'd221780096a1c9246d59c8031e0bdc17') in 0.044672 seconds
  Import took 0.050330 seconds .

========================================================================
Received Import Request.
  Time since last request: 0.000287 seconds.
  path: Assets/programerArt/Pixel Adventure 1/Assets/Main Characters/Pink Man/Hit (32x32).png
  artifactKey: Guid(9b0499fd3a0892046926ed19c78cfea3) Importer(815301076,1909f56bfc062723c751e8b465ee728b)
Start importing Assets/programerArt/Pixel Adventure 1/Assets/Main Characters/Pink Man/Hit (32x32).png using Guid(9b0499fd3a0892046926ed19c78cfea3) Importer(815301076,1909f56bfc062723c751e8b465ee728b)  -> (artifact id: '65d5c2cb35e3eedb9c07917bee99fdfa') in 0.046454 seconds
  Import took 0.052236 seconds .

========================================================================
Received Import Request.
  Time since last request: 0.000542 seconds.
  path: Assets/programerArt/Pixel Adventure 1/Assets/Main Characters/Pink Man/Run (32x32).png
  artifactKey: Guid(cdb0cc8ca9aac2a4d84c6aa3c1cbf52b) Importer(815301076,1909f56bfc062723c751e8b465ee728b)
Start importing Assets/programerArt/Pixel Adventure 1/Assets/Main Characters/Pink Man/Run (32x32).png using Guid(cdb0cc8ca9aac2a4d84c6aa3c1cbf52b) Importer(815301076,1909f56bfc062723c751e8b465ee728b)  -> (artifact id: '766ae89731e8d30998860d9e8bceb994') in 0.084004 seconds
  Import took 0.092639 seconds .

========================================================================
Received Import Request.
  Time since last request: 0.000469 seconds.
  path: Assets/programerArt/Pixel Adventure 1/Assets/Main Characters/Pink Man/Jump (32x32).png
  artifactKey: Guid(edbf2f282f3feb940b6238d4d339ada4) Importer(815301076,1909f56bfc062723c751e8b465ee728b)
Start importing Assets/programerArt/Pixel Adventure 1/Assets/Main Characters/Pink Man/Jump (32x32).png using Guid(edbf2f282f3feb940b6238d4d339ada4) Importer(815301076,1909f56bfc062723c751e8b465ee728b)  -> (artifact id: '31e184bff9f6b34f6003e6608bc03aa0') in 0.025732 seconds
  Import took 0.033636 seconds .

========================================================================
Received Import Request.
  Time since last request: 0.000556 seconds.
  path: Assets/programerArt/Pixel Adventure 1/Assets/Main Characters/Pink Man/Fall (32x32).png
  artifactKey: Guid(1a6feec238b9a99499082bb755fa32df) Importer(815301076,1909f56bfc062723c751e8b465ee728b)
Start importing Assets/programerArt/Pixel Adventure 1/Assets/Main Characters/Pink Man/Fall (32x32).png using Guid(1a6feec238b9a99499082bb755fa32df) Importer(815301076,1909f56bfc062723c751e8b465ee728b)  -> (artifact id: 'bbaa5d3b14e0f38f5e3286e8c31988ce') in 0.031972 seconds
  Import took 0.040356 seconds .

========================================================================
Received Import Request.
  Time since last request: 1.356086 seconds.
  path: Assets/programerArt/programerTerain.prefab
  artifactKey: Guid(79a9b9c1e102fbb429bd7faf3eac9691) Importer(815301076,1909f56bfc062723c751e8b465ee728b)
Start importing Assets/programerArt/programerTerain.prefab using Guid(79a9b9c1e102fbb429bd7faf3eac9691) Importer(815301076,1909f56bfc062723c751e8b465ee728b)  -> (artifact id: 'dacf0b5ddd12853af78355b59dfc752a') in 0.027186 seconds
  Import took 0.031467 seconds .

========================================================================
Received Import Request.
  Time since last request: 0.000297 seconds.
  path: Assets/programerArt/Terrain (16x16) 1_34.asset
  artifactKey: Guid(a4c8cfb27e1e65142bed8de1f595f657) Importer(815301076,1909f56bfc062723c751e8b465ee728b)
Start importing Assets/programerArt/Terrain (16x16) 1_34.asset using Guid(a4c8cfb27e1e65142bed8de1f595f657) Importer(815301076,1909f56bfc062723c751e8b465ee728b)  -> (artifact id: 'b8db7ea771a59d88faafc413b3d71175') in 0.053074 seconds
  Import took 0.057544 seconds .

========================================================================
Received Import Request.
  Time since last request: 0.000303 seconds.
  path: Assets/programerArt/Terrain (16x16) 1_67.asset
  artifactKey: Guid(3164084987e365d408d2a02fd6c9914a) Importer(815301076,1909f56bfc062723c751e8b465ee728b)
Start importing Assets/programerArt/Terrain (16x16) 1_67.asset using Guid(3164084987e365d408d2a02fd6c9914a) Importer(815301076,1909f56bfc062723c751e8b465ee728b)  -> (artifact id: '596d6ae1ee0b7b25d0a5195012a3dcbb') in 0.018478 seconds
  Import took 0.023991 seconds .

========================================================================
Received Import Request.
  Time since last request: 0.000399 seconds.
  path: Assets/programerArt/Terrain (16x16) 1_64.asset
  artifactKey: Guid(78f75064b788cac4e8c824222da68728) Importer(815301076,1909f56bfc062723c751e8b465ee728b)
Start importing Assets/programerArt/Terrain (16x16) 1_64.asset using Guid(78f75064b788cac4e8c824222da68728) Importer(815301076,1909f56bfc062723c751e8b465ee728b)  -> (artifact id: '12929b49ecc8c2e93ef49f208d38dffd') in 0.023313 seconds
  Import took 0.028809 seconds .

========================================================================
Received Import Request.
  Time since last request: 0.000559 seconds.
  path: Assets/programerArt/Terrain (16x16) 1_53.asset
  artifactKey: Guid(9bab2ccb32b3799429550ae1061bef40) Importer(815301076,1909f56bfc062723c751e8b465ee728b)
Start importing Assets/programerArt/Terrain (16x16) 1_53.asset using Guid(9bab2ccb32b3799429550ae1061bef40) Importer(815301076,1909f56bfc062723c751e8b465ee728b)  -> (artifact id: 'd8ba67796980fe8efdeb79e359db1e31') in 0.018933 seconds
  Import took 0.025010 seconds .

========================================================================
Received Import Request.
  Time since last request: 0.000434 seconds.
  path: Assets/programerArt/Terrain (16x16) 1_63.asset
  artifactKey: Guid(af46f7ba32d4682498211f889ab4bfe6) Importer(815301076,1909f56bfc062723c751e8b465ee728b)
Start importing Assets/programerArt/Terrain (16x16) 1_63.asset using Guid(af46f7ba32d4682498211f889ab4bfe6) Importer(815301076,1909f56bfc062723c751e8b465ee728b)  -> (artifact id: '97d0b0a8f00a3455909e23ec9b36db4f') in 0.019838 seconds
  Import took 0.024168 seconds .

========================================================================
Received Import Request.
  Time since last request: 0.000410 seconds.
  path: Assets/programerArt/Terrain (16x16) 1_49.asset
  artifactKey: Guid(2c853d2295c7c3c4db4a81d7a00ad171) Importer(815301076,1909f56bfc062723c751e8b465ee728b)
Start importing Assets/programerArt/Terrain (16x16) 1_49.asset using Guid(2c853d2295c7c3c4db4a81d7a00ad171) Importer(815301076,1909f56bfc062723c751e8b465ee728b)  -> (artifact id: 'b82e6aaea8cd86f7da3c1e4eb3ab9ef9') in 0.017298 seconds
  Import took 0.022778 seconds .

========================================================================
Received Import Request.
  Time since last request: 0.000327 seconds.
  path: Assets/programerArt/Terrain (16x16) 1_3.asset
  artifactKey: Guid(8bc6b5f8b1b4bdd4faf7b07ee8de9f03) Importer(815301076,1909f56bfc062723c751e8b465ee728b)
Start importing Assets/programerArt/Terrain (16x16) 1_3.asset using Guid(8bc6b5f8b1b4bdd4faf7b07ee8de9f03) Importer(815301076,1909f56bfc062723c751e8b465ee728b)  -> (artifact id: 'f123f275f2d441b59eee2d842056b009') in 0.025971 seconds
  Import took 0.031406 seconds .

========================================================================
Received Import Request.
  Time since last request: 0.000287 seconds.
  path: Assets/programerArt/Terrain (16x16) 1_58.asset
  artifactKey: Guid(64530822e8033b241b140d55c1c6bf22) Importer(815301076,1909f56bfc062723c751e8b465ee728b)
Start importing Assets/programerArt/Terrain (16x16) 1_58.asset using Guid(64530822e8033b241b140d55c1c6bf22) Importer(815301076,1909f56bfc062723c751e8b465ee728b)  -> (artifact id: 'ae5e88dd6cd43182316b94a4827fa1ba') in 0.021130 seconds
  Import took 0.026082 seconds .

========================================================================
Received Import Request.
  Time since last request: 0.000228 seconds.
  path: Assets/programerArt/Terrain (16x16) 1_45.asset
  artifactKey: Guid(190fd35c340ee8c479edd7c06433ceff) Importer(815301076,1909f56bfc062723c751e8b465ee728b)
Start importing Assets/programerArt/Terrain (16x16) 1_45.asset using Guid(190fd35c340ee8c479edd7c06433ceff) Importer(815301076,1909f56bfc062723c751e8b465ee728b)  -> (artifact id: '221639667d128e5006409c90cacf43c0') in 0.019404 seconds
  Import took 0.024269 seconds .

========================================================================
Received Import Request.
  Time since last request: 0.000307 seconds.
  path: Assets/programerArt/Terrain (16x16) 1_32.asset
  artifactKey: Guid(d6effa1ab0224ca44aa90a2dde8b746b) Importer(815301076,1909f56bfc062723c751e8b465ee728b)
Start importing Assets/programerArt/Terrain (16x16) 1_32.asset using Guid(d6effa1ab0224ca44aa90a2dde8b746b) Importer(815301076,1909f56bfc062723c751e8b465ee728b)  -> (artifact id: '59011ffa22d9a6741c3b70a8ca487b2b') in 0.024848 seconds
  Import took 0.030153 seconds .

========================================================================
Received Import Request.
  Time since last request: 0.000280 seconds.
  path: Assets/programerArt/Terrain (16x16) 1_19.asset
  artifactKey: Guid(418a68e453ba8b74e87484501d0e3b15) Importer(815301076,1909f56bfc062723c751e8b465ee728b)
Start importing Assets/programerArt/Terrain (16x16) 1_19.asset using Guid(418a68e453ba8b74e87484501d0e3b15) Importer(815301076,1909f56bfc062723c751e8b465ee728b)  -> (artifact id: '5fe9d581e38302ca8b2f8106d4873838') in 0.019343 seconds
  Import took 0.026444 seconds .

========================================================================
Received Import Request.
  Time since last request: 0.000288 seconds.
  path: Assets/programerArt/Terrain (16x16) 1_27.asset
  artifactKey: Guid(0afb393fd799d2b4286c45e1e477c76b) Importer(815301076,1909f56bfc062723c751e8b465ee728b)
Start importing Assets/programerArt/Terrain (16x16) 1_27.asset using Guid(0afb393fd799d2b4286c45e1e477c76b) Importer(815301076,1909f56bfc062723c751e8b465ee728b)  -> (artifact id: 'f7a6c3ae9e55a086c0f5486d27d1c167') in 0.024452 seconds
  Import took 0.030179 seconds .

========================================================================
Received Import Request.
  Time since last request: 0.000340 seconds.
  path: Assets/programerArt/Terrain (16x16) 1_54.asset
  artifactKey: Guid(21b5ae53eb868074b8d7fae6d8ebfc39) Importer(815301076,1909f56bfc062723c751e8b465ee728b)
Start importing Assets/programerArt/Terrain (16x16) 1_54.asset using Guid(21b5ae53eb868074b8d7fae6d8ebfc39) Importer(815301076,1909f56bfc062723c751e8b465ee728b)  -> (artifact id: 'c843ae766c8e3cef58ad6fe6273cd495') in 0.019120 seconds
  Import took 0.024366 seconds .

========================================================================
Received Import Request.
  Time since last request: 0.000353 seconds.
  path: Assets/programerArt/Terrain (16x16) 1_57.asset
  artifactKey: Guid(3306ba9e2042a024798c4929a61e87a3) Importer(815301076,1909f56bfc062723c751e8b465ee728b)
Start importing Assets/programerArt/Terrain (16x16) 1_57.asset using Guid(3306ba9e2042a024798c4929a61e87a3) Importer(815301076,1909f56bfc062723c751e8b465ee728b)  -> (artifact id: '1d2c334d3cee95dd7f2af787807d33fb') in 0.021866 seconds
  Import took 0.026948 seconds .

========================================================================
Received Import Request.
  Time since last request: 0.000285 seconds.
  path: Assets/programerArt/Terrain (16x16) 1_13.asset
  artifactKey: Guid(0e7a8250d41430f45885d0a715be0c57) Importer(815301076,1909f56bfc062723c751e8b465ee728b)
Start importing Assets/programerArt/Terrain (16x16) 1_13.asset using Guid(0e7a8250d41430f45885d0a715be0c57) Importer(815301076,1909f56bfc062723c751e8b465ee728b)  -> (artifact id: '089d3a92885b2fa13dc058ce375401f0') in 0.020050 seconds
  Import took 0.024825 seconds .

========================================================================
Received Import Request.
  Time since last request: 0.000375 seconds.
  path: Assets/programerArt/Terrain (16x16) 1_28.asset
  artifactKey: Guid(a25f871ce827dff42a7eced32d845142) Importer(815301076,1909f56bfc062723c751e8b465ee728b)
Start importing Assets/programerArt/Terrain (16x16) 1_28.asset using Guid(a25f871ce827dff42a7eced32d845142) Importer(815301076,1909f56bfc062723c751e8b465ee728b)  -> (artifact id: 'aeda0e7170b908e66a7085998afeecf9') in 0.020375 seconds
  Import took 0.026387 seconds .

========================================================================
Received Import Request.
  Time since last request: 0.000412 seconds.
  path: Assets/programerArt/Terrain (16x16) 1_41.asset
  artifactKey: Guid(0ca0dc7da0669bf408039de6355b4687) Importer(815301076,1909f56bfc062723c751e8b465ee728b)
Start importing Assets/programerArt/Terrain (16x16) 1_41.asset using Guid(0ca0dc7da0669bf408039de6355b4687) Importer(815301076,1909f56bfc062723c751e8b465ee728b)  -> (artifact id: '6fae730ddf1fd06eed8e929726d03a03') in 0.020088 seconds
  Import took 0.025364 seconds .

========================================================================
Received Import Request.
  Time since last request: 0.000227 seconds.
  path: Assets/programerArt/Terrain (16x16) 1_59.asset
  artifactKey: Guid(01a591ca7752c4446a1802969751b219) Importer(815301076,1909f56bfc062723c751e8b465ee728b)
Start importing Assets/programerArt/Terrain (16x16) 1_59.asset using Guid(01a591ca7752c4446a1802969751b219) Importer(815301076,1909f56bfc062723c751e8b465ee728b)  -> (artifact id: 'c5e1eb74c808aaab613c6507cef78713') in 0.020397 seconds
  Import took 0.024569 seconds .

========================================================================
Received Import Request.
  Time since last request: 0.000317 seconds.
  path: Assets/programerArt/Terrain (16x16) 1_51.asset
  artifactKey: Guid(c675865bda8efce4084c85b6ff8a6712) Importer(815301076,1909f56bfc062723c751e8b465ee728b)
Start importing Assets/programerArt/Terrain (16x16) 1_51.asset using Guid(c675865bda8efce4084c85b6ff8a6712) Importer(815301076,1909f56bfc062723c751e8b465ee728b)  -> (artifact id: '1e0da67960394d9ebfdac1beea7abcb3') in 0.022017 seconds
  Import took 0.027314 seconds .

========================================================================
Received Import Request.
  Time since last request: 0.000451 seconds.
  path: Assets/programerArt/Terrain (16x16) 1_44.asset
  artifactKey: Guid(5fdc810774439cf468fc00e37efcab05) Importer(815301076,1909f56bfc062723c751e8b465ee728b)
Start importing Assets/programerArt/Terrain (16x16) 1_44.asset using Guid(5fdc810774439cf468fc00e37efcab05) Importer(815301076,1909f56bfc062723c751e8b465ee728b)  -> (artifact id: '9b4a92e33406f1a47f77a4585cd54a5d') in 0.020115 seconds
  Import took 0.026751 seconds .

========================================================================
Received Import Request.
  Time since last request: 0.000456 seconds.
  path: Assets/programerArt/Terrain (16x16) 1_43.asset
  artifactKey: Guid(39fb0930268081a4d8ecfba3d9b709a2) Importer(815301076,1909f56bfc062723c751e8b465ee728b)
Start importing Assets/programerArt/Terrain (16x16) 1_43.asset using Guid(39fb0930268081a4d8ecfba3d9b709a2) Importer(815301076,1909f56bfc062723c751e8b465ee728b)  -> (artifact id: '28b099a2cab17d1d27b293f5835cb766') in 0.024963 seconds
  Import took 0.029989 seconds .

========================================================================
Received Import Request.
  Time since last request: 0.000269 seconds.
  path: Assets/programerArt/Terrain (16x16) 1_39.asset
  artifactKey: Guid(5972699a3f5cc4d49bdebf43238a2ec4) Importer(815301076,1909f56bfc062723c751e8b465ee728b)
Start importing Assets/programerArt/Terrain (16x16) 1_39.asset using Guid(5972699a3f5cc4d49bdebf43238a2ec4) Importer(815301076,1909f56bfc062723c751e8b465ee728b)  -> (artifact id: '21c961001a3ddc80ea7feb8f2b3485c8') in 0.024117 seconds
  Import took 0.029635 seconds .

========================================================================
Received Import Request.
  Time since last request: 0.000402 seconds.
  path: Assets/programerArt/Terrain (16x16) 1_18.asset
  artifactKey: Guid(3088d0818f972d74bbcc8e3d518bbc89) Importer(815301076,1909f56bfc062723c751e8b465ee728b)
Start importing Assets/programerArt/Terrain (16x16) 1_18.asset using Guid(3088d0818f972d74bbcc8e3d518bbc89) Importer(815301076,1909f56bfc062723c751e8b465ee728b)  -> (artifact id: 'ffd805edbb22a66443feb909d83e62ce') in 0.026694 seconds
  Import took 0.033832 seconds .

========================================================================
Received Import Request.
  Time since last request: 0.000268 seconds.
  path: Assets/programerArt/Terrain (16x16) 1_6.asset
  artifactKey: Guid(a7898dc2c91750e479bb619af14355c5) Importer(815301076,1909f56bfc062723c751e8b465ee728b)
Start importing Assets/programerArt/Terrain (16x16) 1_6.asset using Guid(a7898dc2c91750e479bb619af14355c5) Importer(815301076,1909f56bfc062723c751e8b465ee728b)  -> (artifact id: '43d2380c4fee590645e6d02086f0cbec') in 0.022081 seconds
  Import took 0.027252 seconds .

========================================================================
Received Import Request.
  Time since last request: 0.000380 seconds.
  path: Assets/programerArt/Terrain (16x16) 1_26.asset
  artifactKey: Guid(93135d9b6eb094e4b9220a9f9ca2a3ee) Importer(815301076,1909f56bfc062723c751e8b465ee728b)
Start importing Assets/programerArt/Terrain (16x16) 1_26.asset using Guid(93135d9b6eb094e4b9220a9f9ca2a3ee) Importer(815301076,1909f56bfc062723c751e8b465ee728b)  -> (artifact id: '5193485d9c57192c8efbedbde25523b9') in 0.025555 seconds
  Import took 0.030680 seconds .

========================================================================
Received Import Request.
  Time since last request: 0.000307 seconds.
  path: Assets/programerArt/Terrain (16x16) 1_17.asset
  artifactKey: Guid(a1a6d3b318d74094a88a1c09e1b749d1) Importer(815301076,1909f56bfc062723c751e8b465ee728b)
Start importing Assets/programerArt/Terrain (16x16) 1_17.asset using Guid(a1a6d3b318d74094a88a1c09e1b749d1) Importer(815301076,1909f56bfc062723c751e8b465ee728b)  -> (artifact id: 'b3f9e0f9fbf2b06ecca27386a83a071b') in 0.021130 seconds
  Import took 0.026613 seconds .

========================================================================
Received Import Request.
  Time since last request: 0.000329 seconds.
  path: Assets/programerArt/Terrain (16x16) 1_47.asset
  artifactKey: Guid(541dba0f41fe3b540908dfea9603842b) Importer(815301076,1909f56bfc062723c751e8b465ee728b)
Start importing Assets/programerArt/Terrain (16x16) 1_47.asset using Guid(541dba0f41fe3b540908dfea9603842b) Importer(815301076,1909f56bfc062723c751e8b465ee728b)  -> (artifact id: '30360dfc4403f246b21de2932a6bac77') in 0.024451 seconds
  Import took 0.030331 seconds .

========================================================================
Received Import Request.
  Time since last request: 0.000468 seconds.
  path: Assets/programerArt/Terrain (16x16) 1_66.asset
  artifactKey: Guid(0c3a21f3e46cb1346a1d400e2e2a95e6) Importer(815301076,1909f56bfc062723c751e8b465ee728b)
Start importing Assets/programerArt/Terrain (16x16) 1_66.asset using Guid(0c3a21f3e46cb1346a1d400e2e2a95e6) Importer(815301076,1909f56bfc062723c751e8b465ee728b)  -> (artifact id: 'bf53fdb62f69f1d3fd676ad249b17817') in 0.017996 seconds
  Import took 0.024248 seconds .

========================================================================
Received Import Request.
  Time since last request: 0.000253 seconds.
  path: Assets/programerArt/Terrain (16x16) 1_1.asset
  artifactKey: Guid(fcfaaefe1a71db744a8a1c58e53a1af7) Importer(815301076,1909f56bfc062723c751e8b465ee728b)
Start importing Assets/programerArt/Terrain (16x16) 1_1.asset using Guid(fcfaaefe1a71db744a8a1c58e53a1af7) Importer(815301076,1909f56bfc062723c751e8b465ee728b)  -> (artifact id: '5e4a687a28d6ef463b2eb1b18641ee1d') in 0.023931 seconds
  Import took 0.029194 seconds .

========================================================================
Received Import Request.
  Time since last request: 0.000280 seconds.
  path: Assets/programerArt/Terrain (16x16) 1_25.asset
  artifactKey: Guid(5c50c79eb597d1b4cb14c827cb31ddfc) Importer(815301076,1909f56bfc062723c751e8b465ee728b)
Start importing Assets/programerArt/Terrain (16x16) 1_25.asset using Guid(5c50c79eb597d1b4cb14c827cb31ddfc) Importer(815301076,1909f56bfc062723c751e8b465ee728b)  -> (artifact id: 'e476928ef5ef354584011821866df448') in 0.018940 seconds
  Import took 0.023923 seconds .

========================================================================
Received Import Request.
  Time since last request: 0.000317 seconds.
  path: Assets/programerArt/Terrain (16x16) 1_55.asset
  artifactKey: Guid(859c4a57e40944243b82df046ec88b75) Importer(815301076,1909f56bfc062723c751e8b465ee728b)
Start importing Assets/programerArt/Terrain (16x16) 1_55.asset using Guid(859c4a57e40944243b82df046ec88b75) Importer(815301076,1909f56bfc062723c751e8b465ee728b)  -> (artifact id: '69ec3051744d7b4ebd14cb3154badc32') in 0.023085 seconds
  Import took 0.028939 seconds .

========================================================================
Received Import Request.
  Time since last request: 0.000298 seconds.
  path: Assets/programerArt/Terrain (16x16) 1_9.asset
  artifactKey: Guid(735dc3c716584554f837f11c0df00a6f) Importer(815301076,1909f56bfc062723c751e8b465ee728b)
Start importing Assets/programerArt/Terrain (16x16) 1_9.asset using Guid(735dc3c716584554f837f11c0df00a6f) Importer(815301076,1909f56bfc062723c751e8b465ee728b)  -> (artifact id: '48a492ee655c866fa48ddccd7dff1173') in 0.029045 seconds
  Import took 0.037379 seconds .

========================================================================
Received Import Request.
  Time since last request: 0.000291 seconds.
  path: Assets/programerArt/Terrain (16x16) 1_14.asset
  artifactKey: Guid(c69df221f8795da4a80dd95d785f165d) Importer(815301076,1909f56bfc062723c751e8b465ee728b)
Start importing Assets/programerArt/Terrain (16x16) 1_14.asset using Guid(c69df221f8795da4a80dd95d785f165d) Importer(815301076,1909f56bfc062723c751e8b465ee728b)  -> (artifact id: '6c9871f56e6ce8a0a46d5d2fffa648cc') in 0.021874 seconds
  Import took 0.026797 seconds .

========================================================================
Received Import Request.
  Time since last request: 0.000274 seconds.
  path: Assets/programerArt/Terrain (16x16) 1_11.asset
  artifactKey: Guid(21953a854c8fa134eb426e4f90df1fe3) Importer(815301076,1909f56bfc062723c751e8b465ee728b)
Start importing Assets/programerArt/Terrain (16x16) 1_11.asset using Guid(21953a854c8fa134eb426e4f90df1fe3) Importer(815301076,1909f56bfc062723c751e8b465ee728b)  -> (artifact id: '790ca98191a3d5364d67730de3e9bece') in 0.019288 seconds
  Import took 0.025106 seconds .

========================================================================
Received Import Request.
  Time since last request: 0.000384 seconds.
  path: Assets/programerArt/Terrain (16x16) 1_60.asset
  artifactKey: Guid(ccc634f674c68c9429b92a3d59b6a9ea) Importer(815301076,1909f56bfc062723c751e8b465ee728b)
Start importing Assets/programerArt/Terrain (16x16) 1_60.asset using Guid(ccc634f674c68c9429b92a3d59b6a9ea) Importer(815301076,1909f56bfc062723c751e8b465ee728b)  -> (artifact id: 'ab5a1ff8c1f6985d36f210593aed3975') in 0.022243 seconds
  Import took 0.028806 seconds .

========================================================================
Received Import Request.
  Time since last request: 0.000284 seconds.
  path: Assets/programerArt/Terrain (16x16) 1_21.asset
  artifactKey: Guid(78cee8351b6467c47adb8b6dbee658e4) Importer(815301076,1909f56bfc062723c751e8b465ee728b)
Start importing Assets/programerArt/Terrain (16x16) 1_21.asset using Guid(78cee8351b6467c47adb8b6dbee658e4) Importer(815301076,1909f56bfc062723c751e8b465ee728b)  -> (artifact id: 'b70b89854c3f1d67cddfa67fbf1d8ec6') in 0.022420 seconds
  Import took 0.028078 seconds .

========================================================================
Received Import Request.
  Time since last request: 0.000418 seconds.
  path: Assets/programerArt/Terrain (16x16) 1_5.asset
  artifactKey: Guid(7462c3764d8068f498a4f7b962c2b565) Importer(815301076,1909f56bfc062723c751e8b465ee728b)
Start importing Assets/programerArt/Terrain (16x16) 1_5.asset using Guid(7462c3764d8068f498a4f7b962c2b565) Importer(815301076,1909f56bfc062723c751e8b465ee728b)  -> (artifact id: '286b2114766248616c73817774829108') in 0.023790 seconds
  Import took 0.030001 seconds .

========================================================================
Received Import Request.
  Time since last request: 0.000283 seconds.
  path: Assets/programerArt/Terrain (16x16) 1_61.asset
  artifactKey: Guid(afa8e7e45b6b4d640b229004ee847214) Importer(815301076,1909f56bfc062723c751e8b465ee728b)
Start importing Assets/programerArt/Terrain (16x16) 1_61.asset using Guid(afa8e7e45b6b4d640b229004ee847214) Importer(815301076,1909f56bfc062723c751e8b465ee728b)  -> (artifact id: '0aff72638a836328c1faaaacdc426ae9') in 0.019450 seconds
  Import took 0.025444 seconds .

========================================================================
Received Import Request.
  Time since last request: 0.000394 seconds.
  path: Assets/programerArt/Terrain (16x16) 1_20.asset
  artifactKey: Guid(f14afbfbec0be1c498fa7fcd0436b03a) Importer(815301076,1909f56bfc062723c751e8b465ee728b)
Start importing Assets/programerArt/Terrain (16x16) 1_20.asset using Guid(f14afbfbec0be1c498fa7fcd0436b03a) Importer(815301076,1909f56bfc062723c751e8b465ee728b)  -> (artifact id: 'd73f31c258bd112da17957b1d64eaf42') in 0.022699 seconds
  Import took 0.028149 seconds .

========================================================================
Received Import Request.
  Time since last request: 0.000338 seconds.
  path: Assets/programerArt/Terrain (16x16) 1_22.asset
  artifactKey: Guid(2da705cec698db245bbcb13eb5068a94) Importer(815301076,1909f56bfc062723c751e8b465ee728b)
Start importing Assets/programerArt/Terrain (16x16) 1_22.asset using Guid(2da705cec698db245bbcb13eb5068a94) Importer(815301076,1909f56bfc062723c751e8b465ee728b)  -> (artifact id: '3cc245d680758ff5e51282fc85f07b44') in 0.016511 seconds
  Import took 0.021615 seconds .

========================================================================
Received Import Request.
  Time since last request: 0.000808 seconds.
  path: Assets/programerArt/Terrain (16x16) 1_31.asset
  artifactKey: Guid(4e8d9ce28d0b6624e9b32edb43a70980) Importer(815301076,1909f56bfc062723c751e8b465ee728b)
Start importing Assets/programerArt/Terrain (16x16) 1_31.asset using Guid(4e8d9ce28d0b6624e9b32edb43a70980) Importer(815301076,1909f56bfc062723c751e8b465ee728b)  -> (artifact id: 'c988853a9bd1af42583f6aad10ec9e08') in 0.021660 seconds
  Import took 0.027437 seconds .

========================================================================
Received Import Request.
  Time since last request: 0.000476 seconds.
  path: Assets/programerArt/Terrain (16x16) 1_23.asset
  artifactKey: Guid(2609c9765428c35428faf737e1cb38bf) Importer(815301076,1909f56bfc062723c751e8b465ee728b)
Start importing Assets/programerArt/Terrain (16x16) 1_23.asset using Guid(2609c9765428c35428faf737e1cb38bf) Importer(815301076,1909f56bfc062723c751e8b465ee728b)  -> (artifact id: '279313d285b803c085d722d5bd6c371c') in 0.020621 seconds
  Import took 0.025313 seconds .

========================================================================
Received Import Request.
  Time since last request: 0.000285 seconds.
  path: Assets/programerArt/Terrain (16x16) 1_4.asset
  artifactKey: Guid(30ce3e67cb172e04baf73594f293434c) Importer(815301076,1909f56bfc062723c751e8b465ee728b)
Start importing Assets/programerArt/Terrain (16x16) 1_4.asset using Guid(30ce3e67cb172e04baf73594f293434c) Importer(815301076,1909f56bfc062723c751e8b465ee728b)  -> (artifact id: '4567a3e2d76e6a190047a8baf42647c1') in 0.019672 seconds
  Import took 0.024917 seconds .

========================================================================
Received Import Request.
  Time since last request: 0.000302 seconds.
  path: Assets/programerArt/Terrain (16x16) 1_0.asset
  artifactKey: Guid(a51ffd9dcc2fb3d4685ee3686d286f55) Importer(815301076,1909f56bfc062723c751e8b465ee728b)
Start importing Assets/programerArt/Terrain (16x16) 1_0.asset using Guid(a51ffd9dcc2fb3d4685ee3686d286f55) Importer(815301076,1909f56bfc062723c751e8b465ee728b)  -> (artifact id: 'ebe599aa979c4a3fc69c1fd32031505b') in 0.022698 seconds
  Import took 0.027895 seconds .

========================================================================
Received Import Request.
  Time since last request: 0.000371 seconds.
  path: Assets/programerArt/Terrain (16x16) 1_36.asset
  artifactKey: Guid(14f1968d5445c6e41b3bb5c66989c41d) Importer(815301076,1909f56bfc062723c751e8b465ee728b)
Start importing Assets/programerArt/Terrain (16x16) 1_36.asset using Guid(14f1968d5445c6e41b3bb5c66989c41d) Importer(815301076,1909f56bfc062723c751e8b465ee728b)  -> (artifact id: '9cac3832b64676f20ed908e76ad34363') in 0.020228 seconds
  Import took 0.025257 seconds .

========================================================================
Received Import Request.
  Time since last request: 0.000385 seconds.
  path: Assets/programerArt/Terrain (16x16) 1_12.asset
  artifactKey: Guid(704c0b7b2f8c5264ca21b9563b7705e0) Importer(815301076,1909f56bfc062723c751e8b465ee728b)
Start importing Assets/programerArt/Terrain (16x16) 1_12.asset using Guid(704c0b7b2f8c5264ca21b9563b7705e0) Importer(815301076,1909f56bfc062723c751e8b465ee728b)  -> (artifact id: 'e25f4a1d8d08cd0de7572d9817b63c8c') in 0.022539 seconds
  Import took 0.029108 seconds .

========================================================================
Received Import Request.
  Time since last request: 0.000257 seconds.
  path: Assets/programerArt/Terrain (16x16) 1_24.asset
  artifactKey: Guid(83dcd88b5f39e9a49878daf266b776b5) Importer(815301076,1909f56bfc062723c751e8b465ee728b)
Start importing Assets/programerArt/Terrain (16x16) 1_24.asset using Guid(83dcd88b5f39e9a49878daf266b776b5) Importer(815301076,1909f56bfc062723c751e8b465ee728b)  -> (artifact id: 'fbeb904c095420e64e44c248df034489') in 0.022555 seconds
  Import took 0.028641 seconds .

========================================================================
Received Import Request.
  Time since last request: 0.000258 seconds.
  path: Assets/programerArt/Terrain (16x16) 1_50.asset
  artifactKey: Guid(e06c078f957ba1e4b91ee4d5adae066d) Importer(815301076,1909f56bfc062723c751e8b465ee728b)
Start importing Assets/programerArt/Terrain (16x16) 1_50.asset using Guid(e06c078f957ba1e4b91ee4d5adae066d) Importer(815301076,1909f56bfc062723c751e8b465ee728b)  -> (artifact id: '7c032ef28660fffe0e80a576efd90b19') in 0.022066 seconds
  Import took 0.027626 seconds .

========================================================================
Received Import Request.
  Time since last request: 0.000304 seconds.
  path: Assets/programerArt/Terrain (16x16) 1_7.asset
  artifactKey: Guid(343f7dfa0f2334145a295854ad81cb2a) Importer(815301076,1909f56bfc062723c751e8b465ee728b)
Start importing Assets/programerArt/Terrain (16x16) 1_7.asset using Guid(343f7dfa0f2334145a295854ad81cb2a) Importer(815301076,1909f56bfc062723c751e8b465ee728b)  -> (artifact id: '47b5ef308badcf03e463e47c870ef660') in 0.021844 seconds
  Import took 0.027391 seconds .

========================================================================
Received Import Request.
  Time since last request: 0.000279 seconds.
  path: Assets/programerArt/Terrain (16x16) 1_15.asset
  artifactKey: Guid(743ffa7fe9ef589498228d6f85bb7b7f) Importer(815301076,1909f56bfc062723c751e8b465ee728b)
Start importing Assets/programerArt/Terrain (16x16) 1_15.asset using Guid(743ffa7fe9ef589498228d6f85bb7b7f) Importer(815301076,1909f56bfc062723c751e8b465ee728b)  -> (artifact id: '43265a46d9363aa6dcb92e28cc37fa7e') in 0.019759 seconds
  Import took 0.025702 seconds .

========================================================================
Received Import Request.
  Time since last request: 0.000281 seconds.
  path: Assets/programerArt/Terrain (16x16) 1_48.asset
  artifactKey: Guid(54ceed0733b4b9e4cb54aeec4ed23e46) Importer(815301076,1909f56bfc062723c751e8b465ee728b)
Start importing Assets/programerArt/Terrain (16x16) 1_48.asset using Guid(54ceed0733b4b9e4cb54aeec4ed23e46) Importer(815301076,1909f56bfc062723c751e8b465ee728b)  -> (artifact id: 'd807efb8f1fffb10da5b3baf66056948') in 0.022516 seconds
  Import took 0.029060 seconds .

========================================================================
Received Import Request.
  Time since last request: 0.000395 seconds.
  path: Assets/programerArt/Terrain (16x16) 1_29.asset
  artifactKey: Guid(c747f7c94f9ff1e48ba9aacae2c37f57) Importer(815301076,1909f56bfc062723c751e8b465ee728b)
Start importing Assets/programerArt/Terrain (16x16) 1_29.asset using Guid(c747f7c94f9ff1e48ba9aacae2c37f57) Importer(815301076,1909f56bfc062723c751e8b465ee728b)  -> (artifact id: '5c496056fdaa557d5782c074a99476d1') in 0.018119 seconds
  Import took 0.023309 seconds .

========================================================================
Received Import Request.
  Time since last request: 0.000270 seconds.
  path: Assets/programerArt/Terrain (16x16) 1_38.asset
  artifactKey: Guid(c63ac67dd830a8745acd3b7a82a62c4d) Importer(815301076,1909f56bfc062723c751e8b465ee728b)
Start importing Assets/programerArt/Terrain (16x16) 1_38.asset using Guid(c63ac67dd830a8745acd3b7a82a62c4d) Importer(815301076,1909f56bfc062723c751e8b465ee728b)  -> (artifact id: '968834b4422b9bb9e36b378f965d7025') in 0.022555 seconds
  Import took 0.028288 seconds .

========================================================================
Received Import Request.
  Time since last request: 0.000341 seconds.
  path: Assets/programerArt/Terrain (16x16) 1_2.asset
  artifactKey: Guid(83af65b9241079d418294ce24141115e) Importer(815301076,1909f56bfc062723c751e8b465ee728b)
Start importing Assets/programerArt/Terrain (16x16) 1_2.asset using Guid(83af65b9241079d418294ce24141115e) Importer(815301076,1909f56bfc062723c751e8b465ee728b)  -> (artifact id: 'dec94dd924525d0634c3037dc5628e5b') in 0.023204 seconds
  Import took 0.028649 seconds .

========================================================================
Received Import Request.
  Time since last request: 0.000260 seconds.
  path: Assets/programerArt/Terrain (16x16) 1_40.asset
  artifactKey: Guid(b90801f47a7de0d41b3c6a590c6684ec) Importer(815301076,1909f56bfc062723c751e8b465ee728b)
Start importing Assets/programerArt/Terrain (16x16) 1_40.asset using Guid(b90801f47a7de0d41b3c6a590c6684ec) Importer(815301076,1909f56bfc062723c751e8b465ee728b)  -> (artifact id: 'a484671fadbea7a75a3fd0a063d9a0f5') in 0.022205 seconds
  Import took 0.026466 seconds .

========================================================================
Received Import Request.
  Time since last request: 0.000255 seconds.
  path: Assets/programerArt/Terrain (16x16) 1_37.asset
  artifactKey: Guid(ef84b3c73d2cf97488765823873f2092) Importer(815301076,1909f56bfc062723c751e8b465ee728b)
Start importing Assets/programerArt/Terrain (16x16) 1_37.asset using Guid(ef84b3c73d2cf97488765823873f2092) Importer(815301076,1909f56bfc062723c751e8b465ee728b)  -> (artifact id: '1fe94add96af5ffef5c253739b0ca668') in 0.022854 seconds
  Import took 0.028700 seconds .

========================================================================
Received Import Request.
  Time since last request: 0.000274 seconds.
  path: Assets/programerArt/Terrain (16x16) 1_10.asset
  artifactKey: Guid(8fd493732c9454143861e60f50f576e4) Importer(815301076,1909f56bfc062723c751e8b465ee728b)
Start importing Assets/programerArt/Terrain (16x16) 1_10.asset using Guid(8fd493732c9454143861e60f50f576e4) Importer(815301076,1909f56bfc062723c751e8b465ee728b)  -> (artifact id: '85038b10d3162449e849a99371e10707') in 0.020838 seconds
  Import took 0.027652 seconds .

========================================================================
Received Import Request.
  Time since last request: 0.000309 seconds.
  path: Assets/programerArt/Terrain (16x16) 1_33.asset
  artifactKey: Guid(3097441b7cc1166479e16bc9397908ec) Importer(815301076,1909f56bfc062723c751e8b465ee728b)
Start importing Assets/programerArt/Terrain (16x16) 1_33.asset using Guid(3097441b7cc1166479e16bc9397908ec) Importer(815301076,1909f56bfc062723c751e8b465ee728b)  -> (artifact id: 'c50f99da140c06fcfabf41b75c7e3af6') in 0.020022 seconds
  Import took 0.024826 seconds .

========================================================================
Received Import Request.
  Time since last request: 0.000356 seconds.
  path: Assets/programerArt/Terrain (16x16) 1_52.asset
  artifactKey: Guid(a99315002d1c3c9488524aeabbd1de3f) Importer(815301076,1909f56bfc062723c751e8b465ee728b)
Start importing Assets/programerArt/Terrain (16x16) 1_52.asset using Guid(a99315002d1c3c9488524aeabbd1de3f) Importer(815301076,1909f56bfc062723c751e8b465ee728b)  -> (artifact id: '0527644e1aecca20b9037a2a268dec5a') in 0.020713 seconds
  Import took 0.025919 seconds .

========================================================================
Received Import Request.
  Time since last request: 0.000347 seconds.
  path: Assets/programerArt/Terrain (16x16) 1_42.asset
  artifactKey: Guid(aa443f796cd4509489f398a295dfe3f7) Importer(815301076,1909f56bfc062723c751e8b465ee728b)
Start importing Assets/programerArt/Terrain (16x16) 1_42.asset using Guid(aa443f796cd4509489f398a295dfe3f7) Importer(815301076,1909f56bfc062723c751e8b465ee728b)  -> (artifact id: '73ca2ee42ec33cb5925b6ca5ed0386fe') in 0.017960 seconds
  Import took 0.022820 seconds .

========================================================================
Received Import Request.
  Time since last request: 0.000313 seconds.
  path: Assets/programerArt/Terrain (16x16) 1_56.asset
  artifactKey: Guid(3dea72abafda5244b9fbd32fc2cc8005) Importer(815301076,1909f56bfc062723c751e8b465ee728b)
Start importing Assets/programerArt/Terrain (16x16) 1_56.asset using Guid(3dea72abafda5244b9fbd32fc2cc8005) Importer(815301076,1909f56bfc062723c751e8b465ee728b)  -> (artifact id: '80dcf53d7702faab46a3cdd2ca1ba471') in 0.016986 seconds
  Import took 0.022957 seconds .

========================================================================
Received Import Request.
  Time since last request: 0.000286 seconds.
  path: Assets/programerArt/Terrain (16x16) 1_16.asset
  artifactKey: Guid(4aa9c77335f5ce14c8dce03c6f60339a) Importer(815301076,1909f56bfc062723c751e8b465ee728b)
Start importing Assets/programerArt/Terrain (16x16) 1_16.asset using Guid(4aa9c77335f5ce14c8dce03c6f60339a) Importer(815301076,1909f56bfc062723c751e8b465ee728b)  -> (artifact id: '0217d435a689fd8a2484def5e9c5b397') in 0.017441 seconds
  Import took 0.021938 seconds .

========================================================================
Received Import Request.
  Time since last request: 0.000300 seconds.
  path: Assets/programerArt/Terrain (16x16) 1_8.asset
  artifactKey: Guid(0efca3e62f0ef8e48b879cd0cfbbf11e) Importer(815301076,1909f56bfc062723c751e8b465ee728b)
Start importing Assets/programerArt/Terrain (16x16) 1_8.asset using Guid(0efca3e62f0ef8e48b879cd0cfbbf11e) Importer(815301076,1909f56bfc062723c751e8b465ee728b)  -> (artifact id: '73f05f06d976bbae4385b44d9ff51570') in 0.016622 seconds
  Import took 0.021254 seconds .

========================================================================
Received Import Request.
  Time since last request: 0.000251 seconds.
  path: Assets/programerArt/Terrain (16x16) 1_62.asset
  artifactKey: Guid(7ba4f9e5836078f4f86d6deea075261c) Importer(815301076,1909f56bfc062723c751e8b465ee728b)
Start importing Assets/programerArt/Terrain (16x16) 1_62.asset using Guid(7ba4f9e5836078f4f86d6deea075261c) Importer(815301076,1909f56bfc062723c751e8b465ee728b)  -> (artifact id: 'eafa5cd9104cea20989eb035e410eb36') in 0.016674 seconds
  Import took 0.021766 seconds .

========================================================================
Received Import Request.
  Time since last request: 0.000326 seconds.
  path: Assets/programerArt/Terrain (16x16) 1_46.asset
  artifactKey: Guid(0d8daa07ca1b3d44e8e1aa3935a24749) Importer(815301076,1909f56bfc062723c751e8b465ee728b)
Start importing Assets/programerArt/Terrain (16x16) 1_46.asset using Guid(0d8daa07ca1b3d44e8e1aa3935a24749) Importer(815301076,1909f56bfc062723c751e8b465ee728b)  -> (artifact id: 'b3b40ed4deb88da2a030169c7df032a2') in 0.018709 seconds
  Import took 0.023724 seconds .

========================================================================
Received Import Request.
  Time since last request: 0.000271 seconds.
  path: Assets/programerArt/Terrain (16x16) 1_65.asset
  artifactKey: Guid(b1ee1a09e915b6440be6eea5166d47c7) Importer(815301076,1909f56bfc062723c751e8b465ee728b)
Start importing Assets/programerArt/Terrain (16x16) 1_65.asset using Guid(b1ee1a09e915b6440be6eea5166d47c7) Importer(815301076,1909f56bfc062723c751e8b465ee728b)  -> (artifact id: '0002342f092f921191d067a756afaeb4') in 0.016623 seconds
  Import took 0.020386 seconds .

========================================================================
Received Import Request.
  Time since last request: 0.000260 seconds.
  path: Assets/programerArt/Terrain (16x16) 1_35.asset
  artifactKey: Guid(65a1e353b7ebf1e4cb750840252e9d59) Importer(815301076,1909f56bfc062723c751e8b465ee728b)
Start importing Assets/programerArt/Terrain (16x16) 1_35.asset using Guid(65a1e353b7ebf1e4cb750840252e9d59) Importer(815301076,1909f56bfc062723c751e8b465ee728b)  -> (artifact id: '4ff97c07b9b46a1850f0e823b44d30c1') in 0.016275 seconds
  Import took 0.019745 seconds .

========================================================================
Received Import Request.
  Time since last request: 0.000318 seconds.
  path: Assets/programerArt/Terrain (16x16) 1_30.asset
  artifactKey: Guid(7ee4f83ee7c832d4da7b4257abc414c7) Importer(815301076,1909f56bfc062723c751e8b465ee728b)
Start importing Assets/programerArt/Terrain (16x16) 1_30.asset using Guid(7ee4f83ee7c832d4da7b4257abc414c7) Importer(815301076,1909f56bfc062723c751e8b465ee728b)  -> (artifact id: '7e30e5c61b13be9b610dcdc442836a01') in 0.015181 seconds
  Import took 0.019182 seconds .

========================================================================
Received Import Request.
  Time since last request: 20.672823 seconds.
  path: Assets/programmerArt/programmerTerain.prefab
  artifactKey: Guid(79a9b9c1e102fbb429bd7faf3eac9691) Importer(815301076,1909f56bfc062723c751e8b465ee728b)
Start importing Assets/programmerArt/programmerTerain.prefab using Guid(79a9b9c1e102fbb429bd7faf3eac9691) Importer(815301076,1909f56bfc062723c751e8b465ee728b)  -> (artifact id: 'a0c0499026c9b2f837992734b8a228c5') in 0.015892 seconds
  Import took 0.020502 seconds .

========================================================================
Received Import Request.
  Time since last request: 0.018215 seconds.
  path: Assets/programmerArt/programmerTerain.prefab
  artifactKey: Guid(79a9b9c1e102fbb429bd7faf3eac9691) Importer(815301076,1909f56bfc062723c751e8b465ee728b)
Start importing Assets/programmerArt/programmerTerain.prefab using Guid(79a9b9c1e102fbb429bd7faf3eac9691) Importer(815301076,1909f56bfc062723c751e8b465ee728b)  -> (artifact id: 'a0c0499026c9b2f837992734b8a228c5') in 0.008643 seconds
  Import took 0.013408 seconds .

========================================================================
Received Import Request.
  Time since last request: 2939.453495 seconds.
  path: Assets/scripts
  artifactKey: Guid(1464717ce1a4fd341a881b1bba8cd7b1) Importer(815301076,1909f56bfc062723c751e8b465ee728b)
Start importing Assets/scripts using Guid(1464717ce1a4fd341a881b1bba8cd7b1) Importer(815301076,1909f56bfc062723c751e8b465ee728b)  -> (artifact id: 'b9dac79fdb69d1d74d22e8fa40de46df') in 0.013199 seconds
  Import took 0.019906 seconds .

========================================================================
Received Import Request.
  Time since last request: 21.399620 seconds.
  path: Assets/scripts/PlayerController.cs
  artifactKey: Guid(1406f383ddc74b549b741b41a9e6b1b4) Importer(815301076,1909f56bfc062723c751e8b465ee728b)
Start importing Assets/scripts/PlayerController.cs using Guid(1406f383ddc74b549b741b41a9e6b1b4) Importer(815301076,1909f56bfc062723c751e8b465ee728b)  -> (artifact id: '1aac6adbe2d084ad73d586232ee18b0e') in 0.150838 seconds
  Import took 0.155647 seconds .

========================================================================
Received Prepare
Registering precompiled user dll's ...
Registered in 0.001463 seconds.
Begin MonoManager ReloadAssembly
Native extension for LinuxStandalone target not found
Native extension for WindowsStandalone target not found
Native extension for OSXStandalone target not found
Refreshing native plugins compatible for Editor in 0.62 ms, found 1 plugins.
Preloading 0 native plugins for Editor in 0.00 ms.
Mono: successfully reloaded assembly
- Completed reload, in  1.682 seconds
Platform modules already initialized, skipping
Refreshing native plugins compatible for Editor in 0.66 ms, found 1 plugins.
Preloading 0 native plugins for Editor in 0.00 ms.
Unloading 1804 Unused Serialized files (Serialized files now loaded: 0)
System memory in use before: 88.9 MB.
System memory in use after: 88.9 MB.

Unloading 12 unused Assets to reduce memory usage. Loaded Objects now: 2341.
Total: 5.236300 ms (FindLiveObjects: 0.290400 ms CreateObjectMapping: 0.078300 ms MarkObjects: 4.616300 ms  DeleteObjects: 0.248400 ms)

========================================================================
Received Import Request.
  Time since last request: 1408.503968 seconds.
  path: Assets/scripts/PlayerController.cs
  artifactKey: Guid(1406f383ddc74b549b741b41a9e6b1b4) Importer(815301076,1909f56bfc062723c751e8b465ee728b)
Start importing Assets/scripts/PlayerController.cs using Guid(1406f383ddc74b549b741b41a9e6b1b4) Importer(815301076,1909f56bfc062723c751e8b465ee728b)  -> (artifact id: 'd5a027507241f436aa2c2a9c759b9c9c') in 0.015394 seconds
  Import took 0.021913 seconds .

========================================================================
Received Import Request.
  Time since last request: 590.653886 seconds.
  path: Assets/scripts/PlayerController.cs
  artifactKey: Guid(1406f383ddc74b549b741b41a9e6b1b4) Importer(815301076,1909f56bfc062723c751e8b465ee728b)
Start importing Assets/scripts/PlayerController.cs using Guid(1406f383ddc74b549b741b41a9e6b1b4) Importer(815301076,1909f56bfc062723c751e8b465ee728b)  -> (artifact id: '9642e6295ae55103531ed9bf20d59012') in 0.008851 seconds
  Import took 0.016241 seconds .

